<?xml version="1.0" ?>
<testsuite errors="3" failures="0" name="TestCeleryMethods-20181115140831" tests="4" time="0.166">
	<testcase classname="TestCeleryMethods" name="test_n1" time="0.110"/>
	<testcase classname="TestCeleryMethods" name="test_n1_1" time="0.021">
		<error message="0 != 1" type="AssertionError">
<![CDATA[Traceback (most recent call last):
  File "c:/Users/henry.wang/Desktop/Henry/Pilots/celeryvenv/tests.py", line 11, in test_n1_1
    self.assertEqual(run_tasks.func_run_tasks(), 1)
AssertionError: 0 != 1
]]>		</error>
	</testcase>
	<testcase classname="TestCeleryMethods" name="test_n1_2" time="0.016">
		<error message="0 != 2" type="AssertionError">
<![CDATA[Traceback (most recent call last):
  File "c:/Users/henry.wang/Desktop/Henry/Pilots/celeryvenv/tests.py", line 14, in test_n1_2
    self.assertEqual(run_tasks.func_run_tasks(), 2)
AssertionError: 0 != 2
]]>		</error>
	</testcase>
	<testcase classname="TestCeleryMethods" name="test_n1_3" time="0.020">
		<error message="0 != 3" type="AssertionError">
<![CDATA[Traceback (most recent call last):
  File "c:/Users/henry.wang/Desktop/Henry/Pilots/celeryvenv/tests.py", line 17, in test_n1_3
    self.assertEqual(run_tasks.func_run_tasks(), 3)
AssertionError: 0 != 3
]]>		</error>
	</testcase>
	<system-out>
<![CDATA[0 3c007c1b-6263-4435-a4c3-f7b0c6357e49
1 a39130f3-1967-455d-ad6d-d6a90717d227
2 d86946fe-4e18-49e2-abaf-10192d7eab5a
3 1c52903c-27cb-4bca-9498-3ebf444a3a6e
4 20face61-7929-468f-a7e6-f74e305f9dbd
5 a0b9176f-9295-43ba-bd3e-bc77c6334454
6 61be6d0b-3d70-4144-a9ef-5ec177056d56
7 d944e897-1d70-4e28-b6ef-81a44f7baf97
8 b0d16581-79ce-4b9f-b628-16d370126419
9 489e21c0-aa80-4071-aff3-e64c0b92b773
0 27b7a148-f70a-413d-97af-9b9ee859f145
1 f1538ada-0226-4052-8a1b-419434c44b44
2 fcdbfe86-7152-49ab-8c8c-87a1420d9965
3 5eb4ee24-c4d2-4b3f-8146-b083ec46e298
4 0a3e5032-bbaf-4856-86b3-ea332c975aea
5 f28060c1-31ac-4f7f-93c6-8da7df06c2e6
6 4a34e140-0287-4c5c-a2a9-24dcf16f534f
7 40cd78a0-2a91-4575-b78e-50b19b900738
8 5d419404-37cd-48ef-b100-10bbb6344bba
9 a74d6b73-cc2c-407e-8e77-d463c871a05b
0 1defc5d1-88e0-4be4-9b7f-3f53962c8aba
1 7d94f725-5221-47c3-920e-c321b841a51f
2 5fbac32c-87ac-4299-9819-3ef40dc74f5b
3 b481b40f-8ac9-48ff-9095-a9e7a3b5ac43
4 8ef8a796-84d0-47c5-874f-3a7ca28f8d38
5 0394c863-7df3-4a51-8b2d-df462afc1fa3
6 14f59bf9-966f-41f2-a976-443dec8164e6
7 864bbac9-cb6b-4263-afb0-3a6656a64896
8 3ff265d4-5a5e-453a-8f16-952d87a5d838
9 4afc666e-27b2-4060-ab89-3fd7cc3cf234
0 e256497c-43e2-430d-8d66-a61d77f49c7b
1 278811ad-8c3c-400f-8d0b-4fe0b5c92f74
2 c16c26af-cd46-4309-8abf-f642152b27d5
3 0acc4c5a-4c03-4fc6-8fbc-665f91785b0a
4 fe9905a8-9b22-40cb-b1f3-23f467dac242
5 76a7c592-ec0f-40b4-9f5b-e2eb2afde7fc
6 94247262-bf3e-4fa8-974c-475212cd3b70
7 3e6a6da5-dd16-4de2-af31-2a8a4809b88c
8 02ddfe24-a70a-4572-9d4c-aa1bd36cd836
9 a30d6f6a-9b9a-4a97-b03f-ca0533187cd8
]]>	</system-out>
	<system-err>
<![CDATA[]]>	</system-err>
</testsuite>
