<?xml version="1.0" ?>
<testsuite errors="0" failures="0" name="TestCeleryMethods-20181115143930" tests="1" time="0.135">
	<testcase classname="TestCeleryMethods" name="test_n1" time="0.135"/>
	<system-out>
<![CDATA[0 880d3ff4-92ce-4bf6-b7b6-12d9551fc371
1 0d294bf1-0c96-43ee-be63-62eca12ccf47
2 7b598ef0-64f1-4380-8778-4bf6b3042157
3 d9670674-27d2-4aab-a432-b9089c942f9b
4 de7370f9-dd8b-4286-b8cc-56f5d4f844cd
5 8e125616-d605-4a70-9fea-906d1eb3a69f
6 2c386c45-9c0f-4adb-9769-503a06e7db6c
7 286f9c51-e304-487b-9fc1-3de2fa433390
8 d24a9142-5734-4337-9c27-66cd5d97a3bc
9 85edfc42-85dc-4142-a12f-618c5de02a01
]]>	</system-out>
	<system-err>
<![CDATA[]]>	</system-err>
</testsuite>
