<?xml version="1.0" ?>
<testsuite errors="2" failures="0" name="TestCeleryMethods-20181115151636" tests="3" time="0.161">
	<testcase classname="TestCeleryMethods" name="test_n1" time="0.121"/>
	<testcase classname="TestCeleryMethods" name="test_n1_1" time="0.017">
		<error message="0 != 1" type="AssertionError">
<![CDATA[Traceback (most recent call last):
  File "c:/Users/henry.wang/Desktop/Henry/Pilots/celeryvenv/tests.py", line 11, in test_n1_1
    self.assertEqual(run_tasks.func_run_tasks(), 1)
AssertionError: 0 != 1
]]>		</error>
	</testcase>
	<testcase classname="TestCeleryMethods" name="test_n1_2" time="0.024">
		<error message="0 != 2" type="AssertionError">
<![CDATA[Traceback (most recent call last):
  File "c:/Users/henry.wang/Desktop/Henry/Pilots/celeryvenv/tests.py", line 14, in test_n1_2
    self.assertEqual(run_tasks.func_run_tasks(), 2)
AssertionError: 0 != 2
]]>		</error>
	</testcase>
	<system-out>
<![CDATA[0 d8d3c3fd-7b72-418f-8d35-27d703443b86
1 e5ca5421-5133-4e0d-95fa-9ab21f34b81e
2 ce84a814-6ffe-46a1-83c3-6db203aa3765
3 f7b33f00-af68-4ea9-80ec-c02b565e416c
4 1c8a8ab7-bc72-4a9a-b505-152557d34e90
5 3a3b34a3-afbd-4cae-9e9f-8997110579a1
6 9201d2ec-6aeb-4870-b66a-970bdafd7259
7 37bbdd7a-dbab-44a6-84f2-37e0c821c370
8 5a2f6a3b-c6f2-4bb9-8162-256bc31485fa
9 65566d35-58ca-431a-b6a0-ede40a4bb45b
0 1a18e611-a516-4d36-9d1b-fce990890dd0
1 40d06c13-902f-4c94-8245-49fd3196a506
2 c4903203-3ec1-4346-9559-9ad6a273b1bd
3 f9aaa989-5c38-4fed-ab00-9c0221ab3c7f
4 6ea3bd4a-111b-4ae8-ad54-957ad0e72ed9
5 18c290bf-35f1-476a-8239-1bd81e673376
6 36bcba3b-2333-4858-bedf-d8bcf2335254
7 6b9588ed-486a-4fb4-9a10-fb95cb76a354
8 8195a368-3690-4a94-8c54-96eb8c9584bc
9 f7a5e179-2a64-403c-ba1f-d5ac6bf7cbd9
0 e9730cd9-5e8a-4c97-acbb-d4c36b1c38c8
1 7c29490c-e405-44d3-b70d-2cf858c5e946
2 89da0245-53f1-4b3f-b9f4-1e4f50489cfa
3 18bf9c3f-87b5-43da-aee2-fec7a9b5cfef
4 fbfbd248-11c0-4b7f-a7e4-97437ee01190
5 a2cff893-c9fe-47ca-986a-06ad6e956c0b
6 43c85d1e-74fc-477a-a3f9-79e99485ae51
7 3f03b5c4-e7db-42ba-8922-924b93f559a8
8 f081bb85-4984-4cb5-a6c1-9d97967e05fc
9 bfa92e04-b889-4ed3-8370-93ed0f5cca1f
]]>	</system-out>
	<system-err>
<![CDATA[]]>	</system-err>
</testsuite>
